SF:lib\blockchain\contracts\ierc20.dart
DA:7,1
DA:8,1
DA:9,2
DA:10,1
DA:16,0
DA:17,0
DA:19,0
DA:21,0
DA:24,0
DA:28,1
DA:29,1
DA:31,1
DA:33,4
DA:35,5
DA:38,4
DA:39,1
DA:41,1
DA:42,1
DA:48,1
DA:54,1
DA:64,1
DA:66,1
DA:67,1
DA:73,1
DA:79,1
DA:89,1
DA:90,1
DA:91,1
DA:92,1
DA:95,1
DA:96,1
DA:101,1
DA:102,1
DA:103,1
DA:104,1
DA:107,1
DA:108,1
DA:113,1
DA:114,1
DA:115,1
DA:118,1
DA:119,1
DA:124,1
DA:125,1
DA:127,1
DA:128,1
DA:133,1
DA:134,1
DA:135,1
DA:136,1
DA:139,1
DA:140,1
DA:145,1
DA:146,1
DA:147,1
DA:148,1
DA:149,1
DA:152,1
DA:153,1
LF:59
LH:54
end_of_record
SF:lib\blockchain\eth_client.dart
DA:7,3
DA:9,1
DA:10,2
DA:11,1
DA:14,0
DA:15,0
DA:22,0
DA:27,0
DA:28,0
DA:29,0
DA:37,1
DA:42,2
LF:12
LH:6
end_of_record
SF:lib\blockchain\pool_gateway.dart
DA:6,3
DA:7,1
DA:8,1
DA:13,1
DA:14,2
DA:15,3
DA:16,1
DA:18,1
DA:20,1
DA:23,0
DA:24,0
DA:25,0
DA:26,0
DA:27,0
DA:29,0
LF:15
LH:9
end_of_record
SF:lib\singleton.dart
DA:2,3
DA:5,3
DA:7,2
DA:11,1
DA:12,3
DA:13,0
DA:16,3
DA:21,1
DA:22,2
DA:25,0
LF:10
LH:8
end_of_record
SF:lib\blockchain\contracts\pool_gw.dart
DA:5,4
DA:7,4
DA:8,1
DA:10,1
DA:11,1
DA:17,1
DA:27,1
DA:28,1
DA:30,1
DA:31,1
DA:36,1
DA:37,1
DA:38,1
DA:39,1
DA:40,1
DA:43,1
DA:47,1
DA:48,1
DA:49,1
DA:50,1
DA:51,1
DA:54,1
DA:58,1
DA:59,1
DA:60,1
DA:63,1
DA:64,1
DA:69,1
DA:70,1
DA:71,1
DA:72,1
DA:75,1
DA:79,1
DA:80,1
DA:82,1
DA:83,1
DA:88,1
DA:89,1
DA:91,1
DA:95,1
DA:96,1
DA:97,1
DA:98,1
DA:99,1
DA:102,1
DA:106,1
DA:107,1
DA:108,1
DA:111,1
DA:115,1
DA:116,1
DA:117,1
DA:118,1
DA:119,1
DA:122,1
LF:55
LH:55
end_of_record
SF:lib\blockchain\gateways\aave_gateway.dart
DA:6,0
DA:10,0
DA:11,0
DA:14,0
DA:15,0
DA:19,0
DA:21,0
LF:7
LH:0
end_of_record
SF:lib\blockchain\gateways\gateway.dart
DA:4,0
DA:6,0
DA:7,0
DA:9,0
DA:13,0
DA:14,0
LF:6
LH:0
end_of_record
